<?xml version="1.0" encoding="UTF-8"?>
<!-- Generated by org.testng.reporters.JUnitReportReporter -->
<testsuite hostname="wv589" name="org.moebelApp.com.Base" tests="1" failures="0" timestamp="18 Sep 2017 10:12:09 GMT" time="18.567" errors="0">
  <testcase name="appinstalled" time="18.567" classname="org.moebelApp.com.Base"/>
</testsuite> <!-- org.moebelApp.com.Base -->
