<?xml version="1.0" encoding="UTF-8"?>
<!-- Generated by org.testng.reporters.JUnitReportReporter -->
<testsuite hostname="wv589" name="org.moebelApp.com.Base" tests="1" failures="0" timestamp="14 Sep 2017 11:42:36 GMT" time="71.661" errors="0">
  <testcase name="appinstalled" time="71.661" classname="org.moebelApp.com.Base"/>
</testsuite> <!-- org.moebelApp.com.Base -->
