<?xml version="1.0" encoding="UTF-8"?>
<!-- Generated by org.testng.reporters.JUnitReportReporter -->
<testsuite hostname="wv589" name="org.moebelApp.com.CategoryListing" tests="1" failures="0" timestamp="12 Sep 2017 14:47:19 GMT" time="30.513" errors="0">
  <testcase name="firstlevelCategory" time="30.513" classname="org.moebelApp.com.CategoryListing"/>
</testsuite> <!-- org.moebelApp.com.CategoryListing -->
