<?xml version="1.0" encoding="UTF-8"?>
<!-- Generated by org.testng.reporters.JUnitReportReporter -->
<testsuite hostname="wv589" name="org.moebelApp.com.HeaderTest" tests="1" failures="0" timestamp="20 Sep 2017 14:32:03 GMT" time="44.519" errors="0">
  <testcase name="loginVerifyTest" time="44.519" classname="org.moebelApp.com.HeaderTest"/>
</testsuite> <!-- org.moebelApp.com.HeaderTest -->
