<?xml version="1.0" encoding="UTF-8"?>
<!-- Generated by org.testng.reporters.JUnitReportReporter -->
<testsuite hostname="wv589" name="org.moebelApp.com.Base" tests="1" failures="0" timestamp="20 Sep 2017 07:53:57 GMT" time="30.371" errors="0">
  <testcase name="appinstalled" time="30.371" classname="org.moebelApp.com.Base"/>
</testsuite> <!-- org.moebelApp.com.Base -->
