<?xml version="1.0" encoding="UTF-8"?>
<!-- Generated by org.testng.reporters.JUnitReportReporter -->
<testsuite hostname="wv589" name="org.moebelApp.com.HeaderTest" tests="1" failures="0" timestamp="21 Sep 2017 10:28:44 GMT" time="49.326" errors="0">
  <testcase name="LoginVerifyTest" time="49.326" classname="org.moebelApp.com.HeaderTest"/>
</testsuite> <!-- org.moebelApp.com.HeaderTest -->
