<?xml version="1.0" encoding="UTF-8"?>
<!-- Generated by org.testng.reporters.JUnitReportReporter -->
<testsuite hostname="wv589" name="org.moebelApp.com.InspirationLanding" tests="1" failures="0" timestamp="18 Sep 2017 12:42:09 GMT" time="33.368" errors="0">
  <testcase name="landingtoInspiration" time="33.368" classname="org.moebelApp.com.InspirationLanding"/>
</testsuite> <!-- org.moebelApp.com.InspirationLanding -->
